<?xml version="1.0" encoding="UTF-8"?>
<!-- Generated by org.testng.reporters.JUnitReportReporter -->
<testsuite hostname="DESKTOP-2JD998D" failures="0" tests="1" name="PHPTravels.Tests.test_validateHotelsPage" time="14.914" errors="0" timestamp="2023-04-28T20:27:59 IST" skipped="0">
  <testcase classname="PHPTravels.Tests.test_validateHotelsPage" name="searchHotel" time="14.914"/>
  <system-out/>
</testsuite> <!-- PHPTravels.Tests.test_validateHotelsPage -->
