<?xml version="1.0" encoding="UTF-8"?>
<!-- Generated by org.testng.reporters.JUnitReportReporter -->
<testsuite hostname="DESKTOP-2JD998D" failures="0" tests="6" name="MakeMyTrip.Tests.test_dataProviderTest" time="0.000" errors="0" timestamp="2022-11-02T21:16:28 IST" skipped="6">
  <testcase classname="MakeMyTrip.Tests.test_dataProviderTest" name="testMultiData" time="0.000">
    <skipped/>
  </testcase> <!-- testMultiData -->
  <system-out/>
  <testcase classname="MakeMyTrip.Tests.test_dataProviderTest" name="testMultiData" time="0.000">
    <skipped/>
  </testcase> <!-- testMultiData -->
  <system-out/>
  <testcase classname="MakeMyTrip.Tests.test_dataProviderTest" name="testMultiData" time="0.000">
    <skipped/>
  </testcase> <!-- testMultiData -->
  <system-out/>
  <testcase classname="MakeMyTrip.Tests.test_dataProviderTest" name="testMultiData" time="0.000">
    <skipped/>
  </testcase> <!-- testMultiData -->
  <system-out/>
  <testcase classname="MakeMyTrip.Tests.test_dataProviderTest" name="testMultiData" time="0.000">
    <skipped/>
  </testcase> <!-- testMultiData -->
  <system-out/>
  <testcase classname="MakeMyTrip.Tests.test_dataProviderTest" name="testMultiData" time="0.000">
    <skipped/>
  </testcase> <!-- testMultiData -->
  <system-out/>
</testsuite> <!-- MakeMyTrip.Tests.test_dataProviderTest -->
