<?xml version="1.0" encoding="UTF-8"?>
<!-- Generated by org.testng.reporters.JUnitReportReporter -->
<testsuite hostname="DESKTOP-2JD998D" failures="0" tests="6" name="PHPTravels.Tests.validateHomePage" time="15.708" errors="0" timestamp="2023-02-03T17:19:55 IST" skipped="4">
  <testcase classname="PHPTravels.Tests.validateHomePage" name="validatePageTitle" time="0.024"/>
  <system-out/>
  <testcase classname="PHPTravels.Tests.validateHomePage" name="searchHotel" time="15.684"/>
  <system-out/>
  <testcase classname="PHPTravels.Tests.validateHomePage" name="validate3rdCarosolCard">
    <skipped/>
  </testcase> <!-- validate3rdCarosolCard -->
  <system-out/>
  <testcase classname="PHPTravels.Tests.validateHomePage" name="validateFlightsMenu">
    <skipped/>
  </testcase> <!-- validateFlightsMenu -->
  <system-out/>
  <testcase classname="PHPTravels.Tests.validateHomePage" name="validateHotelsMenu">
    <skipped/>
  </testcase> <!-- validateHotelsMenu -->
  <system-out/>
  <testcase classname="PHPTravels.Tests.validateHomePage" name="validateBritishAirways">
    <skipped/>
  </testcase> <!-- validateBritishAirways -->
  <system-out/>
</testsuite> <!-- PHPTravels.Tests.validateHomePage -->
