<?xml version="1.0" encoding="UTF-8"?>
<!-- Generated by org.testng.reporters.JUnitReportReporter -->
<testsuite hostname="DESKTOP-2JD998D" failures="0" tests="1" name="Cucumber.TestNGTestRunner" time="14.632" errors="0" timestamp="2024-03-11T14:20:21 IST" skipped="0">
  <testcase classname="Cucumber.TestNGTestRunner" name="runScenario" time="14.632"/>
  <system-out/>
</testsuite> <!-- Cucumber.TestNGTestRunner -->
