<?xml version="1.0" encoding="UTF-8"?>
<!-- Generated by org.testng.reporters.JUnitReportReporter -->
<testsuite hostname="DESKTOP-2JD998D" failures="0" tests="4" name="automationpractice.Tests.Test1" time="0.968" errors="0" timestamp="2023-05-04T09:16:39 IST" skipped="0">
  <testcase classname="automationpractice.Tests.Test1" name="selectFromDropdown" time="0.298"/>
  <system-out/>
  <testcase classname="automationpractice.Tests.Test1" name="select3rdCheckBox" time="0.272"/>
  <system-out/>
  <testcase classname="automationpractice.Tests.Test1" name="selectRadioButton2" time="0.258"/>
  <system-out/>
  <testcase classname="automationpractice.Tests.Test1" name="enterTextinSuggestionBox" time="0.140"/>
  <system-out/>
</testsuite> <!-- automationpractice.Tests.Test1 -->
