<?xml version="1.0" encoding="UTF-8"?>
<!-- Generated by org.testng.reporters.JUnitReportReporter -->
<testsuite hostname="DESKTOP-2JD998D" failures="0" tests="3" name="automationpractice.Tests.Test_Test2" time="6.634" errors="0" timestamp="2023-05-30T16:10:36 IST" skipped="0">
  <testcase classname="automationpractice.Tests.Test_Test2" name="switchWindow" time="4.178"/>
  <system-out/>
  <testcase classname="automationpractice.Tests.Test_Test2" name="selectcheckBox2" time="0.302"/>
  <system-out/>
  <testcase classname="automationpractice.Tests.Test_Test2" name="enterTextInSwitchToAlert" time="2.154"/>
  <system-out/>
</testsuite> <!-- automationpractice.Tests.Test_Test2 -->
