<?xml version="1.0" encoding="UTF-8"?>
<!-- Generated by org.testng.reporters.JUnitReportReporter -->
<testsuite hostname="DESKTOP-2JD998D" failures="0" tests="4" name="PHPTravels.Tests.test_validateHomePage" time="0.138" errors="0" timestamp="2024-02-26T10:38:31 IST" skipped="1">
  <testcase classname="PHPTravels.Tests.test_validateHomePage" name="validatePageTitle" time="0.034"/>
  <system-out/>
  <testcase classname="PHPTravels.Tests.test_validateHomePage" name="validateHotelsMenu" time="0.071"/>
  <system-out/>
  <testcase classname="PHPTravels.Tests.test_validateHomePage" name="validateFlightsMenu" time="0.033"/>
  <system-out/>
  <testcase classname="PHPTravels.Tests.test_validateHomePage" name="playWithWindows">
    <skipped/>
  </testcase> <!-- playWithWindows -->
  <system-out/>
</testsuite> <!-- PHPTravels.Tests.test_validateHomePage -->
