<?xml version="1.0" encoding="UTF-8"?>
<!-- Generated by org.testng.reporters.JUnitReportReporter -->
<testsuite hostname="DESKTOP-2JD998D" failures="0" tests="9" name="MakeMyTrip.test_validateHomePageMenus" time="0.000" errors="0" timestamp="2022-10-10T18:26:51 IST" skipped="9">
  <testcase classname="MakeMyTrip.test_validateHomePageMenus" name="validateFlightsMenu" time="0.000">
    <skipped/>
  </testcase> <!-- validateFlightsMenu -->
  <system-out/>
  <testcase classname="MakeMyTrip.test_validateHomePageMenus" name="validateHotelsMenu" time="0.000">
    <skipped/>
  </testcase> <!-- validateHotelsMenu -->
  <system-out/>
  <testcase classname="MakeMyTrip.test_validateHomePageMenus" name="validateHolidayPackagesMenu" time="0.000">
    <skipped/>
  </testcase> <!-- validateHolidayPackagesMenu -->
  <system-out/>
  <testcase classname="MakeMyTrip.test_validateHomePageMenus" name="validateTrainsMenu" time="0.000">
    <skipped/>
  </testcase> <!-- validateTrainsMenu -->
  <system-out/>
  <testcase classname="MakeMyTrip.test_validateHomePageMenus" name="validateBusesMenu" time="0.000">
    <skipped/>
  </testcase> <!-- validateBusesMenu -->
  <system-out/>
  <testcase classname="MakeMyTrip.test_validateHomePageMenus" name="validateCabsMenu" time="0.000">
    <skipped/>
  </testcase> <!-- validateCabsMenu -->
  <system-out/>
  <testcase classname="MakeMyTrip.test_validateHomePageMenus" name="validateForexMenu" time="0.000">
    <skipped/>
  </testcase> <!-- validateForexMenu -->
  <system-out/>
  <testcase classname="MakeMyTrip.test_validateHomePageMenus" name="validateCharterFlightsMenu" time="0.000">
    <skipped/>
  </testcase> <!-- validateCharterFlightsMenu -->
  <system-out/>
  <testcase classname="MakeMyTrip.test_validateHomePageMenus" name="validateActivitiesMenu" time="0.000">
    <skipped/>
  </testcase> <!-- validateActivitiesMenu -->
  <system-out/>
</testsuite> <!-- MakeMyTrip.test_validateHomePageMenus -->
