<?xml version="1.0" encoding="UTF-8"?>
<!-- Generated by org.testng.reporters.JUnitReportReporter -->
<testsuite hostname="DESKTOP-2JD998D" failures="0" tests="3" name="MakeMyTrip.test_dataProviderTest" time="33.805" errors="0" timestamp="2022-10-12T00:36:46 IST" skipped="0">
  <testcase classname="MakeMyTrip.test_dataProviderTest" name="testMultiData" time="11.275"/>
  <system-out/>
  <testcase classname="MakeMyTrip.test_dataProviderTest" name="testMultiData" time="11.023"/>
  <system-out/>
  <testcase classname="MakeMyTrip.test_dataProviderTest" name="testMultiData" time="11.507"/>
  <system-out/>
</testsuite> <!-- MakeMyTrip.test_dataProviderTest -->
