<?xml version="1.0" encoding="UTF-8"?>
<!-- Generated by org.testng.reporters.JUnitReportReporter -->
<testsuite hostname="DESKTOP-2JD998D" failures="0" tests="1" name="MakeMyTrip.test_SearchFunctionality2" time="14.225" errors="0" timestamp="2022-10-06T14:38:43 IST" skipped="0">
  <testcase classname="MakeMyTrip.test_SearchFunctionality2" name="flightSearch" time="14.225"/>
  <system-out/>
</testsuite> <!-- MakeMyTrip.test_SearchFunctionality2 -->
