<?xml version="1.0" encoding="UTF-8"?>
<!-- Generated by org.testng.reporters.JUnitReportReporter -->
<testsuite hostname="DESKTOP-2JD998D" failures="0" tests="1" name="MakeMyTrip.Tests.test_forDebugging" time="1.511" errors="0" timestamp="2022-11-02T22:53:47 IST" skipped="0">
  <testcase classname="MakeMyTrip.Tests.test_forDebugging" name="debug" time="1.511"/>
  <system-out/>
</testsuite> <!-- MakeMyTrip.Tests.test_forDebugging -->
