<?xml version="1.0" encoding="UTF-8"?>
<!-- Generated by org.testng.reporters.JUnitReportReporter -->
<testsuite hostname="DESKTOP-2JD998D" failures="0" tests="3" name="MakeMyTrip.test_loginDP" time="34.214" errors="0" timestamp="2022-10-10T18:00:10 IST" skipped="0">
  <testcase classname="MakeMyTrip.test_loginDP" name="testMultiData" time="11.453"/>
  <system-out/>
  <testcase classname="MakeMyTrip.test_loginDP" name="testMultiData" time="11.603"/>
  <system-out/>
  <testcase classname="MakeMyTrip.test_loginDP" name="testMultiData" time="11.158"/>
  <system-out/>
</testsuite> <!-- MakeMyTrip.test_loginDP -->
